Using pre-set license
Built from '2021.3/staging' branch; Version is '2021.3.3f1 (af2e63e8f9bd) revision 11480675'; Using compiler version '192829333'; Build Type 'Release'
OS: 'Windows 11  (10.0.22000) 64bit Education' Language: 'en' Physical Memory: 7834 MB
BatchMode: 1, IsHumanControllingUs: 0, StartBugReporterOnCrash: 0, Is64bit: 1, IsPro: 1

COMMAND LINE ARGUMENTS:
C:\Program Files\Unity\Hub\Editor\2021.3.3f1\Editor\Unity.exe
-adb2
-batchMode
-noUpm
-name
AssetImportWorker0
-projectPath
D:/my games/game1/Car race thunder
-logFile
Logs/AssetImportWorker0.log
-srvPort
60244
Successfully changed project path to: D:/my games/game1/Car race thunder
D:/my games/game1/Car race thunder
[UnityMemory] Configuration Parameters - Can be set up in boot.config
    "memorysetup-bucket-allocator-granularity=16"
    "memorysetup-bucket-allocator-bucket-count=8"
    "memorysetup-bucket-allocator-block-size=33554432"
    "memorysetup-bucket-allocator-block-count=8"
    "memorysetup-main-allocator-block-size=16777216"
    "memorysetup-thread-allocator-block-size=16777216"
    "memorysetup-gfx-main-allocator-block-size=16777216"
    "memorysetup-gfx-thread-allocator-block-size=16777216"
    "memorysetup-cache-allocator-block-size=4194304"
    "memorysetup-typetree-allocator-block-size=2097152"
    "memorysetup-profiler-bucket-allocator-granularity=16"
    "memorysetup-profiler-bucket-allocator-bucket-count=8"
    "memorysetup-profiler-bucket-allocator-block-size=33554432"
    "memorysetup-profiler-bucket-allocator-block-count=8"
    "memorysetup-profiler-allocator-block-size=16777216"
    "memorysetup-profiler-editor-allocator-block-size=1048576"
    "memorysetup-temp-allocator-size-main=16777216"
    "memorysetup-job-temp-allocator-block-size=2097152"
    "memorysetup-job-temp-allocator-block-size-background=1048576"
    "memorysetup-job-temp-allocator-reduction-small-platforms=262144"
    "memorysetup-temp-allocator-size-background-worker=32768"
    "memorysetup-temp-allocator-size-job-worker=262144"
    "memorysetup-temp-allocator-size-preload-manager=33554432"
    "memorysetup-temp-allocator-size-nav-mesh-worker=65536"
    "memorysetup-temp-allocator-size-audio-worker=65536"
    "memorysetup-temp-allocator-size-cloud-worker=32768"
    "memorysetup-temp-allocator-size-gi-baking-worker=262144"
    "memorysetup-temp-allocator-size-gfx=262144"
Refreshing native plugins compatible for Editor in 90.32 ms, found 3 plugins.
Preloading 0 native plugins for Editor in 0.00 ms.
Initialize engine version: 2021.3.3f1 (af2e63e8f9bd)
[Subsystems] Discovering subsystems at path C:/Program Files/Unity/Hub/Editor/2021.3.3f1/Editor/Data/Resources/UnitySubsystems
[Subsystems] Discovering subsystems at path D:/my games/game1/Car race thunder/Assets
GfxDevice: creating device client; threaded=0; jobified=0
Direct3D:
    Version:  Direct3D 11.0 [level 11.1]
    Renderer: Intel(R) UHD Graphics (ID=0x9a78)
    Vendor:   Intel
    VRAM:     3917 MB
    Driver:   30.0.101.1029
Initialize mono
Mono path[0] = 'C:/Program Files/Unity/Hub/Editor/2021.3.3f1/Editor/Data/Managed'
Mono path[1] = 'C:/Program Files/Unity/Hub/Editor/2021.3.3f1/Editor/Data/MonoBleedingEdge/lib/mono/unityjit-win32'
Mono config path = 'C:/Program Files/Unity/Hub/Editor/2021.3.3f1/Editor/Data/MonoBleedingEdge/etc'
Using monoOptions --debugger-agent=transport=dt_socket,embedding=1,server=y,suspend=n,address=127.0.0.1:56728
Begin MonoManager ReloadAssembly
Registering precompiled unity dll's ...
Register platform support module: C:/Program Files/Unity/Hub/Editor/2021.3.3f1/Editor/Data/PlaybackEngines/WebGLSupport/UnityEditor.WebGL.Extensions.dll
Register platform support module: C:/Program Files/Unity/Hub/Editor/2021.3.3f1/Editor/Data/PlaybackEngines/WindowsStandaloneSupport/UnityEditor.WindowsStandalone.Extensions.dll
Registered in 0.011716 seconds.
Native extension for WindowsStandalone target not found
Native extension for WebGL target not found
Refreshing native plugins compatible for Editor in 97.51 ms, found 3 plugins.
Preloading 0 native plugins for Editor in 0.00 ms.
Mono: successfully reloaded assembly
- Completed reload, in  0.756 seconds
Domain Reload Profiling:
	ReloadAssembly (756ms)
		BeginReloadAssembly (145ms)
			ExecutionOrderSort (0ms)
			DisableScriptedObjects (0ms)
			BackupInstance (0ms)
			ReleaseScriptingObjects (0ms)
			CreateAndSetChildDomain (1ms)
		EndReloadAssembly (487ms)
			LoadAssemblies (144ms)
			RebuildTransferFunctionScriptingTraits (0ms)
			SetupTypeCache (110ms)
			ReleaseScriptCaches (0ms)
			RebuildScriptCaches (31ms)
			SetupLoadedEditorAssemblies (298ms)
				LogAssemblyErrors (0ms)
				InitializePlatformSupportModulesInManaged (10ms)
				SetLoadedEditorAssemblies (0ms)
				RefreshPlugins (98ms)
				BeforeProcessingInitializeOnLoad (1ms)
				ProcessInitializeOnLoadAttributes (138ms)
				ProcessInitializeOnLoadMethodAttributes (51ms)
				AfterProcessingInitializeOnLoad (0ms)
				EditorAssembliesLoaded (0ms)
			ExecutionOrderSort2 (0ms)
			AwakeInstancesAfterBackupRestoration (0ms)
Platform modules already initialized, skipping
Registering precompiled user dll's ...
Registered in 0.004592 seconds.
Begin MonoManager ReloadAssembly
Symbol file LoadedFromMemory doesn't match image D:\my games\game1\Car race thunder\Library\PackageCache\com.unity.visualscripting@1.7.6\Editor\VisualScripting.Core\Dependencies\YamlDotNet\Unity.VisualScripting.YamlDotNet.dll
Symbol file LoadedFromMemory doesn't match image D:\my games\game1\Car race thunder\Library\PackageCache\com.unity.visualscripting@1.7.6\Editor\VisualScripting.Core\Dependencies\DotNetZip\Unity.VisualScripting.IonicZip.dll
Native extension for WindowsStandalone target not found
Native extension for WebGL target not found
Refreshing native plugins compatible for Editor in 0.57 ms, found 3 plugins.
Preloading 0 native plugins for Editor in 0.00 ms.
Mono: successfully reloaded assembly
- Completed reload, in  1.426 seconds
Domain Reload Profiling:
	ReloadAssembly (1427ms)
		BeginReloadAssembly (129ms)
			ExecutionOrderSort (0ms)
			DisableScriptedObjects (7ms)
			BackupInstance (0ms)
			ReleaseScriptingObjects (0ms)
			CreateAndSetChildDomain (24ms)
		EndReloadAssembly (1130ms)
			LoadAssemblies (140ms)
			RebuildTransferFunctionScriptingTraits (0ms)
			SetupTypeCache (339ms)
			ReleaseScriptCaches (1ms)
			RebuildScriptCaches (68ms)
			SetupLoadedEditorAssemblies (541ms)
				LogAssemblyErrors (0ms)
				InitializePlatformSupportModulesInManaged (8ms)
				SetLoadedEditorAssemblies (0ms)
				RefreshPlugins (1ms)
				BeforeProcessingInitializeOnLoad (153ms)
				ProcessInitializeOnLoadAttributes (333ms)
				ProcessInitializeOnLoadMethodAttributes (36ms)
				AfterProcessingInitializeOnLoad (9ms)
				EditorAssembliesLoaded (0ms)
			ExecutionOrderSort2 (0ms)
			AwakeInstancesAfterBackupRestoration (5ms)
Platform modules already initialized, skipping
========================================================================
Worker process is ready to serve import requests
Launched and connected shader compiler UnityShaderCompiler.exe after 0.06 seconds
Refreshing native plugins compatible for Editor in 1.31 ms, found 3 plugins.
Preloading 0 native plugins for Editor in 0.00 ms.
Unloading 3360 Unused Serialized files (Serialized files now loaded: 0)
Unloading 26 unused Assets / (112.0 KB). Loaded Objects now: 3817.
Memory consumption went from 115.7 MB to 115.6 MB.
Total: 3.998900 ms (FindLiveObjects: 0.312900 ms CreateObjectMapping: 0.139800 ms MarkObjects: 3.410800 ms  DeleteObjects: 0.133500 ms)

AssetImportParameters requested are different than current active one (requested -> active):
  custom:video-decoder-ogg-theora: a1e56fd34408186e4bbccfd4996cb3dc -> 
  custom:container-muxer-webm: aa71ff27fc2769a1b78a27578f13a17b -> 
  custom:container-demuxer-webm: 4f35f7cbe854078d1ac9338744f61a02 -> 
  custom:video-encoder-webm-vp8: eb34c28f22e8b96e1ab97ce403110664 -> 
  custom:audio-encoder-webm-vorbis: bf7c407c2cedff20999df2af8eb42d56 -> 
  custom:framework-win-MediaFoundation: 216162199b28c13a410421893ffa2e32 -> 
  custom:container-demuxer-ogg: 62fdf1f143b41e24485cea50d1cbac27 -> 
  custom:video-decoder-webm-vp8: 9c59270c3fd7afecdb556c50c9e8de78 -> 
  custom:audio-decoder-ogg-vorbis: bf7c407c2cedff20999df2af8eb42d56 -> 
========================================================================
Received Import Request.
  Time since last request: 344603.563016 seconds.
  path: Assets/Environmental Race Track Pack/Prefabs/The_Figure_Of_Eight.prefab
  artifactKey: Guid(30c719a3acc71094aacf1e6d29516faa) Importer(815301076,1909f56bfc062723c751e8b465ee728b)
Start importing Assets/Environmental Race Track Pack/Prefabs/The_Figure_Of_Eight.prefab using Guid(30c719a3acc71094aacf1e6d29516faa) Importer(815301076,1909f56bfc062723c751e8b465ee728b)  -> (artifact id: '99727d17d811c919a7f09adf034cc8c4') in 1.155621 seconds 
========================================================================
Received Import Request.
  Time since last request: 0.000037 seconds.
  path: Assets/Environmental Race Track Pack/Prefabs/coastalTrack.prefab
  artifactKey: Guid(7d76ac986883f6e47b38d02e17432708) Importer(815301076,1909f56bfc062723c751e8b465ee728b)
Start importing Assets/Environmental Race Track Pack/Prefabs/coastalTrack.prefab using Guid(7d76ac986883f6e47b38d02e17432708) Importer(815301076,1909f56bfc062723c751e8b465ee728b)  -> (artifact id: 'f4e3f73604e46d5247fabdef1ec4897a') in 1.288258 seconds 
========================================================================
Received Import Request.
  Time since last request: 0.000126 seconds.
  path: Assets/Environmental Race Track Pack/Prefabs/RacingOval.prefab
  artifactKey: Guid(cec1210f0c4825444836f0ed8e6e1915) Importer(815301076,1909f56bfc062723c751e8b465ee728b)
Start importing Assets/Environmental Race Track Pack/Prefabs/RacingOval.prefab using Guid(cec1210f0c4825444836f0ed8e6e1915) Importer(815301076,1909f56bfc062723c751e8b465ee728b)  -> (artifact id: '0818f082cf652aec8725cd8cf4d9bf5b') in 0.051307 seconds 
========================================================================
Received Import Request.
  Time since last request: 0.000033 seconds.
  path: Assets/Environmental Race Track Pack
  artifactKey: Guid(1d3f6e893b9c1d3459073e4e6236180c) Importer(815301076,1909f56bfc062723c751e8b465ee728b)
Start importing Assets/Environmental Race Track Pack using Guid(1d3f6e893b9c1d3459073e4e6236180c) Importer(815301076,1909f56bfc062723c751e8b465ee728b)  -> (artifact id: '052439e81013ea19eeb98c94e3fedf7b') in 0.007514 seconds 
========================================================================
Received Import Request.
  Time since last request: 0.000034 seconds.
  path: Assets/Environmental Race Track Pack/Prefabs/LampPost.prefab
  artifactKey: Guid(a15701eb7154ce44f89e87cf69e30f74) Importer(815301076,1909f56bfc062723c751e8b465ee728b)
Start importing Assets/Environmental Race Track Pack/Prefabs/LampPost.prefab using Guid(a15701eb7154ce44f89e87cf69e30f74) Importer(815301076,1909f56bfc062723c751e8b465ee728b)  -> (artifact id: 'f0bec64d3cc8464740b30b44bb94d78f') in 0.659081 seconds 
========================================================================
Received Import Request.
  Time since last request: 0.000055 seconds.
  path: Assets/Environmental Race Track Pack/Prefabs
  artifactKey: Guid(22713c175ef3b5546a9cb362ed868ce1) Importer(815301076,1909f56bfc062723c751e8b465ee728b)
Start importing Assets/Environmental Race Track Pack/Prefabs using Guid(22713c175ef3b5546a9cb362ed868ce1) Importer(815301076,1909f56bfc062723c751e8b465ee728b)  -> (artifact id: 'b362d1f3e75c81d87e3cdf8d9a1b6f7a') in 0.017348 seconds 
========================================================================
Received Import Request.
  Time since last request: 0.000093 seconds.
  path: Assets/Environmental Race Track Pack/Prefabs/F1 RaceTrack.prefab
  artifactKey: Guid(9234b507bb1d424449c1997fe6847ae0) Importer(815301076,1909f56bfc062723c751e8b465ee728b)
Start importing Assets/Environmental Race Track Pack/Prefabs/F1 RaceTrack.prefab using Guid(9234b507bb1d424449c1997fe6847ae0) Importer(815301076,1909f56bfc062723c751e8b465ee728b)  -> (artifact id: '450e2f89b7f4c66ea73e6cdd39b4b11b') in 0.159456 seconds 
========================================================================
Received Import Request.
  Time since last request: 469.065434 seconds.
  path: Assets/Race Car Package
  artifactKey: Guid(ec6214beeed00234c9fa8afb7371e8cd) Importer(815301076,1909f56bfc062723c751e8b465ee728b)
Start importing Assets/Race Car Package using Guid(ec6214beeed00234c9fa8afb7371e8cd) Importer(815301076,1909f56bfc062723c751e8b465ee728b)  -> (artifact id: 'dc77ae6646391dd21077ef0b5191f67f') in 0.018532 seconds 
========================================================================
Received Import Request.
  Time since last request: 0.000052 seconds.
  path: Assets/Race Car Package/Race Car Package.fbx
  artifactKey: Guid(6df8799e47834944c85abaf3e659049d) Importer(815301076,1909f56bfc062723c751e8b465ee728b)
Start importing Assets/Race Car Package/Race Car Package.fbx using Guid(6df8799e47834944c85abaf3e659049d) Importer(815301076,1909f56bfc062723c751e8b465ee728b)  -> (artifact id: '30ce2dcaab98a71bfd9d2c075ae28b1b') in 0.414727 seconds 
========================================================================
Received Import Request.
  Time since last request: 1618.953676 seconds.
  path: Assets/Race Car Package/Prefab
  artifactKey: Guid(35c7cc2c39568a54f9560940c2b5addd) Importer(815301076,1909f56bfc062723c751e8b465ee728b)
Start importing Assets/Race Car Package/Prefab using Guid(35c7cc2c39568a54f9560940c2b5addd) Importer(815301076,1909f56bfc062723c751e8b465ee728b)  -> (artifact id: '643d001c3b3bbeded4dd1681bb5dd50d') in 0.018633 seconds 
========================================================================
Received Import Request.
  Time since last request: 0.000061 seconds.
  path: Assets/Race Car Package/Prefab/wheel_1_2.prefab
  artifactKey: Guid(f87abe0105f1b7347bd1b3b54fba32f3) Importer(815301076,1909f56bfc062723c751e8b465ee728b)
Start importing Assets/Race Car Package/Prefab/wheel_1_2.prefab using Guid(f87abe0105f1b7347bd1b3b54fba32f3) Importer(815301076,1909f56bfc062723c751e8b465ee728b)  -> (artifact id: '7c27f259932b1ca444542e348a8ce9f5') in 0.060935 seconds 
========================================================================
Received Import Request.
  Time since last request: 0.000055 seconds.
  path: Assets/Race Car Package/Prefab/Car_3.prefab
  artifactKey: Guid(7270d86670806f44a9c24b44dfc8c67c) Importer(815301076,1909f56bfc062723c751e8b465ee728b)
Start importing Assets/Race Car Package/Prefab/Car_3.prefab using Guid(7270d86670806f44a9c24b44dfc8c67c) Importer(815301076,1909f56bfc062723c751e8b465ee728b)  -> (artifact id: '047b4b9658d0cd40d2045219ace2f088') in 0.059157 seconds 
========================================================================
Received Import Request.
  Time since last request: 0.000059 seconds.
  path: Assets/Race Car Package/Prefab/Car.prefab
  artifactKey: Guid(663342408c5e6e24f8e0cb584631c6ad) Importer(815301076,1909f56bfc062723c751e8b465ee728b)
Start importing Assets/Race Car Package/Prefab/Car.prefab using Guid(663342408c5e6e24f8e0cb584631c6ad) Importer(815301076,1909f56bfc062723c751e8b465ee728b)  -> (artifact id: 'de7f82367b9c8213ad3a6549ac500a52') in 0.050158 seconds 
========================================================================
Received Import Request.
  Time since last request: 0.000060 seconds.
  path: Assets/Race Car Package/Prefab/Car_2.prefab
  artifactKey: Guid(e49a8bcd44434de4fbd15b46bf3fd304) Importer(815301076,1909f56bfc062723c751e8b465ee728b)
Start importing Assets/Race Car Package/Prefab/Car_2.prefab using Guid(e49a8bcd44434de4fbd15b46bf3fd304) Importer(815301076,1909f56bfc062723c751e8b465ee728b)  -> (artifact id: '0addbb2b4e8d3ea109d2d94a41ca5da9') in 0.047430 seconds 
========================================================================
Received Import Request.
  Time since last request: 0.000047 seconds.
  path: Assets/Race Car Package/Prefab/wheel_2.prefab
  artifactKey: Guid(133793f8b950077418f7313e1a49e233) Importer(815301076,1909f56bfc062723c751e8b465ee728b)
Start importing Assets/Race Car Package/Prefab/wheel_2.prefab using Guid(133793f8b950077418f7313e1a49e233) Importer(815301076,1909f56bfc062723c751e8b465ee728b)  -> (artifact id: 'bf2615e1b1965e2989a17bd6a8a109f6') in 0.042522 seconds 
========================================================================
Received Import Request.
  Time since last request: 0.000029 seconds.
  path: Assets/Race Car Package/Prefab/Car_1.prefab
  artifactKey: Guid(b60d7f9e75fb4ae49bb7ed090888cd1d) Importer(815301076,1909f56bfc062723c751e8b465ee728b)
Start importing Assets/Race Car Package/Prefab/Car_1.prefab using Guid(b60d7f9e75fb4ae49bb7ed090888cd1d) Importer(815301076,1909f56bfc062723c751e8b465ee728b)  -> (artifact id: '7e3fabbf1d9245fdff63bec0b0e25d1e') in 0.042281 seconds 
========================================================================
Received Import Request.
  Time since last request: 0.000032 seconds.
  path: Assets/Race Car Package/Prefab/wheel.prefab
  artifactKey: Guid(4b47622e62d11cd47a61987872f40f27) Importer(815301076,1909f56bfc062723c751e8b465ee728b)
Start importing Assets/Race Car Package/Prefab/wheel.prefab using Guid(4b47622e62d11cd47a61987872f40f27) Importer(815301076,1909f56bfc062723c751e8b465ee728b)  -> (artifact id: '5098b3454e1a5c16f9c6c6f3b06cf7c0') in 0.030058 seconds 
========================================================================
Received Import Request.
  Time since last request: 0.000041 seconds.
  path: Assets/Race Car Package/Prefab/wheel_1.prefab
  artifactKey: Guid(cddf6b9cf5244094594a0b53cff07cd3) Importer(815301076,1909f56bfc062723c751e8b465ee728b)
Start importing Assets/Race Car Package/Prefab/wheel_1.prefab using Guid(cddf6b9cf5244094594a0b53cff07cd3) Importer(815301076,1909f56bfc062723c751e8b465ee728b)  -> (artifact id: 'be03eba19a596ec05c38a3f17e322425') in 0.033421 seconds 
========================================================================
Received Import Request.
  Time since last request: 1767.260319 seconds.
  path: Assets
  artifactKey: Guid(00000000000000001000000000000000) Importer(815301076,1909f56bfc062723c751e8b465ee728b)
Start importing Assets using Guid(00000000000000001000000000000000) Importer(815301076,1909f56bfc062723c751e8b465ee728b)  -> (artifact id: '79842766b460edbeab6a34051e857a80') in 0.050790 seconds 
========================================================================
Received Import Request.
  Time since last request: 9.505450 seconds.
  path: Assets/Script
  artifactKey: Guid(a996253e63f8a0d42ac2a7e0d4d9fd87) Importer(815301076,1909f56bfc062723c751e8b465ee728b)
Start importing Assets/Script using Guid(a996253e63f8a0d42ac2a7e0d4d9fd87) Importer(815301076,1909f56bfc062723c751e8b465ee728b)  -> (artifact id: 'da0bfb90b1ce06368b430f7692249bb0') in 0.011399 seconds 
========================================================================
Received Import Request.
  Time since last request: 18.504011 seconds.
  path: Assets/Script/Car_controller.cs
  artifactKey: Guid(93de3edd505db34458f469796168aa59) Importer(815301076,1909f56bfc062723c751e8b465ee728b)
Start importing Assets/Script/Car_controller.cs using Guid(93de3edd505db34458f469796168aa59) Importer(815301076,1909f56bfc062723c751e8b465ee728b)  -> (artifact id: '3487f2fccb054878ca3442e504bb9a1f') in 0.033218 seconds 
========================================================================
Received Prepare
Registering precompiled user dll's ...
Registered in 0.004843 seconds.
Begin MonoManager ReloadAssembly
Symbol file LoadedFromMemory doesn't match image D:\my games\game1\Car race thunder\Library\PackageCache\com.unity.visualscripting@1.7.6\Editor\VisualScripting.Core\Dependencies\YamlDotNet\Unity.VisualScripting.YamlDotNet.dll
Symbol file LoadedFromMemory doesn't match image D:\my games\game1\Car race thunder\Library\PackageCache\com.unity.visualscripting@1.7.6\Editor\VisualScripting.Core\Dependencies\DotNetZip\Unity.VisualScripting.IonicZip.dll
Native extension for WindowsStandalone target not found
Native extension for WebGL target not found
Refreshing native plugins compatible for Editor in 0.60 ms, found 3 plugins.
Preloading 0 native plugins for Editor in 0.00 ms.
Mono: successfully reloaded assembly
- Completed reload, in  1.191 seconds
Domain Reload Profiling:
	ReloadAssembly (1192ms)
		BeginReloadAssembly (314ms)
			ExecutionOrderSort (0ms)
			DisableScriptedObjects (22ms)
			BackupInstance (0ms)
			ReleaseScriptingObjects (0ms)
			CreateAndSetChildDomain (108ms)
		EndReloadAssembly (767ms)
			LoadAssemblies (125ms)
			RebuildTransferFunctionScriptingTraits (0ms)
			SetupTypeCache (265ms)
			ReleaseScriptCaches (1ms)
			RebuildScriptCaches (44ms)
			SetupLoadedEditorAssemblies (324ms)
				LogAssemblyErrors (0ms)
				InitializePlatformSupportModulesInManaged (14ms)
				SetLoadedEditorAssemblies (1ms)
				RefreshPlugins (1ms)
				BeforeProcessingInitializeOnLoad (71ms)
				ProcessInitializeOnLoadAttributes (204ms)
				ProcessInitializeOnLoadMethodAttributes (27ms)
				AfterProcessingInitializeOnLoad (6ms)
				EditorAssembliesLoaded (0ms)
			ExecutionOrderSort2 (0ms)
			AwakeInstancesAfterBackupRestoration (8ms)
Platform modules already initialized, skipping
Refreshing native plugins compatible for Editor in 2.26 ms, found 3 plugins.
Preloading 0 native plugins for Editor in 0.00 ms.
Unloading 3356 Unused Serialized files (Serialized files now loaded: 0)
Unloading 19 unused Assets / (79.3 KB). Loaded Objects now: 3840.
Memory consumption went from 122.7 MB to 122.7 MB.
Total: 4.985000 ms (FindLiveObjects: 0.331200 ms CreateObjectMapping: 0.150100 ms MarkObjects: 4.340600 ms  DeleteObjects: 0.161200 ms)

AssetImportParameters requested are different than current active one (requested -> active):
  custom:video-decoder-ogg-theora: a1e56fd34408186e4bbccfd4996cb3dc -> 
  custom:container-muxer-webm: aa71ff27fc2769a1b78a27578f13a17b -> 
  custom:container-demuxer-webm: 4f35f7cbe854078d1ac9338744f61a02 -> 
  custom:video-encoder-webm-vp8: eb34c28f22e8b96e1ab97ce403110664 -> 
  custom:audio-encoder-webm-vorbis: bf7c407c2cedff20999df2af8eb42d56 -> 
  custom:framework-win-MediaFoundation: 216162199b28c13a410421893ffa2e32 -> 
  custom:container-demuxer-ogg: 62fdf1f143b41e24485cea50d1cbac27 -> 
  custom:video-decoder-webm-vp8: 9c59270c3fd7afecdb556c50c9e8de78 -> 
  custom:audio-decoder-ogg-vorbis: bf7c407c2cedff20999df2af8eb42d56 -> 
========================================================================
Received Prepare
Registering precompiled user dll's ...
Registered in 0.008472 seconds.
Begin MonoManager ReloadAssembly
Symbol file LoadedFromMemory doesn't match image D:\my games\game1\Car race thunder\Library\PackageCache\com.unity.visualscripting@1.7.6\Editor\VisualScripting.Core\Dependencies\YamlDotNet\Unity.VisualScripting.YamlDotNet.dll
Symbol file LoadedFromMemory doesn't match image D:\my games\game1\Car race thunder\Library\PackageCache\com.unity.visualscripting@1.7.6\Editor\VisualScripting.Core\Dependencies\DotNetZip\Unity.VisualScripting.IonicZip.dll
Native extension for WindowsStandalone target not found
Native extension for WebGL target not found
Refreshing native plugins compatible for Editor in 0.54 ms, found 3 plugins.
Preloading 0 native plugins for Editor in 0.00 ms.
Mono: successfully reloaded assembly
- Completed reload, in  3.118 seconds
Domain Reload Profiling:
	ReloadAssembly (3127ms)
		BeginReloadAssembly (1745ms)
			ExecutionOrderSort (1ms)
			DisableScriptedObjects (98ms)
			BackupInstance (0ms)
			ReleaseScriptingObjects (1ms)
			CreateAndSetChildDomain (778ms)
		EndReloadAssembly (1072ms)
			LoadAssemblies (456ms)
			RebuildTransferFunctionScriptingTraits (0ms)
			SetupTypeCache (353ms)
			ReleaseScriptCaches (3ms)
			RebuildScriptCaches (51ms)
			SetupLoadedEditorAssemblies (388ms)
				LogAssemblyErrors (0ms)
				InitializePlatformSupportModulesInManaged (16ms)
				SetLoadedEditorAssemblies (1ms)
				RefreshPlugins (1ms)
				BeforeProcessingInitializeOnLoad (72ms)
				ProcessInitializeOnLoadAttributes (262ms)
				ProcessInitializeOnLoadMethodAttributes (29ms)
				AfterProcessingInitializeOnLoad (7ms)
				EditorAssembliesLoaded (0ms)
			ExecutionOrderSort2 (0ms)
			AwakeInstancesAfterBackupRestoration (6ms)
Platform modules already initialized, skipping
Refreshing native plugins compatible for Editor in 4.58 ms, found 3 plugins.
Preloading 0 native plugins for Editor in 0.00 ms.
Unloading 3356 Unused Serialized files (Serialized files now loaded: 0)
Unloading 19 unused Assets / (79.2 KB). Loaded Objects now: 3843.
Memory consumption went from 122.7 MB to 122.7 MB.
Total: 6.431500 ms (FindLiveObjects: 0.218000 ms CreateObjectMapping: 0.098100 ms MarkObjects: 5.567700 ms  DeleteObjects: 0.546100 ms)

AssetImportParameters requested are different than current active one (requested -> active):
  custom:video-decoder-ogg-theora: a1e56fd34408186e4bbccfd4996cb3dc -> 
  custom:container-muxer-webm: aa71ff27fc2769a1b78a27578f13a17b -> 
  custom:container-demuxer-webm: 4f35f7cbe854078d1ac9338744f61a02 -> 
  custom:video-encoder-webm-vp8: eb34c28f22e8b96e1ab97ce403110664 -> 
  custom:audio-encoder-webm-vorbis: bf7c407c2cedff20999df2af8eb42d56 -> 
  custom:framework-win-MediaFoundation: 216162199b28c13a410421893ffa2e32 -> 
  custom:container-demuxer-ogg: 62fdf1f143b41e24485cea50d1cbac27 -> 
  custom:video-decoder-webm-vp8: 9c59270c3fd7afecdb556c50c9e8de78 -> 
  custom:audio-decoder-ogg-vorbis: bf7c407c2cedff20999df2af8eb42d56 -> 
========================================================================
Received Prepare
Registering precompiled user dll's ...
Registered in 0.002942 seconds.
Begin MonoManager ReloadAssembly
Symbol file LoadedFromMemory doesn't match image D:\my games\game1\Car race thunder\Library\PackageCache\com.unity.visualscripting@1.7.6\Editor\VisualScripting.Core\Dependencies\YamlDotNet\Unity.VisualScripting.YamlDotNet.dll
Symbol file LoadedFromMemory doesn't match image D:\my games\game1\Car race thunder\Library\PackageCache\com.unity.visualscripting@1.7.6\Editor\VisualScripting.Core\Dependencies\DotNetZip\Unity.VisualScripting.IonicZip.dll
Native extension for WindowsStandalone target not found
Native extension for WebGL target not found
Refreshing native plugins compatible for Editor in 1.29 ms, found 3 plugins.
Preloading 0 native plugins for Editor in 0.00 ms.
Mono: successfully reloaded assembly
- Completed reload, in  2.307 seconds
Domain Reload Profiling:
	ReloadAssembly (2309ms)
		BeginReloadAssembly (360ms)
			ExecutionOrderSort (0ms)
			DisableScriptedObjects (14ms)
			BackupInstance (0ms)
			ReleaseScriptingObjects (0ms)
			CreateAndSetChildDomain (76ms)
		EndReloadAssembly (1758ms)
			LoadAssemblies (259ms)
			RebuildTransferFunctionScriptingTraits (0ms)
			SetupTypeCache (561ms)
			ReleaseScriptCaches (3ms)
			RebuildScriptCaches (119ms)
			SetupLoadedEditorAssemblies (785ms)
				LogAssemblyErrors (0ms)
				InitializePlatformSupportModulesInManaged (32ms)
				SetLoadedEditorAssemblies (1ms)
				RefreshPlugins (1ms)
				BeforeProcessingInitializeOnLoad (156ms)
				ProcessInitializeOnLoadAttributes (520ms)
				ProcessInitializeOnLoadMethodAttributes (58ms)
				AfterProcessingInitializeOnLoad (15ms)
				EditorAssembliesLoaded (0ms)
			ExecutionOrderSort2 (0ms)
			AwakeInstancesAfterBackupRestoration (11ms)
Platform modules already initialized, skipping
Refreshing native plugins compatible for Editor in 4.60 ms, found 3 plugins.
Preloading 0 native plugins for Editor in 0.00 ms.
Unloading 3356 Unused Serialized files (Serialized files now loaded: 0)
Unloading 19 unused Assets / (79.3 KB). Loaded Objects now: 3846.
Memory consumption went from 122.8 MB to 122.7 MB.
Total: 5.329400 ms (FindLiveObjects: 0.592400 ms CreateObjectMapping: 0.616400 ms MarkObjects: 3.981600 ms  DeleteObjects: 0.137100 ms)

AssetImportParameters requested are different than current active one (requested -> active):
  custom:video-decoder-ogg-theora: a1e56fd34408186e4bbccfd4996cb3dc -> 
  custom:container-muxer-webm: aa71ff27fc2769a1b78a27578f13a17b -> 
  custom:container-demuxer-webm: 4f35f7cbe854078d1ac9338744f61a02 -> 
  custom:video-encoder-webm-vp8: eb34c28f22e8b96e1ab97ce403110664 -> 
  custom:audio-encoder-webm-vorbis: bf7c407c2cedff20999df2af8eb42d56 -> 
  custom:framework-win-MediaFoundation: 216162199b28c13a410421893ffa2e32 -> 
  custom:container-demuxer-ogg: 62fdf1f143b41e24485cea50d1cbac27 -> 
  custom:video-decoder-webm-vp8: 9c59270c3fd7afecdb556c50c9e8de78 -> 
  custom:audio-decoder-ogg-vorbis: bf7c407c2cedff20999df2af8eb42d56 -> 
========================================================================
Received Prepare
Registering precompiled user dll's ...
Registered in 0.002856 seconds.
Begin MonoManager ReloadAssembly
Symbol file LoadedFromMemory doesn't match image D:\my games\game1\Car race thunder\Library\PackageCache\com.unity.visualscripting@1.7.6\Editor\VisualScripting.Core\Dependencies\YamlDotNet\Unity.VisualScripting.YamlDotNet.dll
Symbol file LoadedFromMemory doesn't match image D:\my games\game1\Car race thunder\Library\PackageCache\com.unity.visualscripting@1.7.6\Editor\VisualScripting.Core\Dependencies\DotNetZip\Unity.VisualScripting.IonicZip.dll
Native extension for WindowsStandalone target not found
Native extension for WebGL target not found
Refreshing native plugins compatible for Editor in 1.61 ms, found 3 plugins.
Preloading 0 native plugins for Editor in 0.00 ms.
Mono: successfully reloaded assembly
- Completed reload, in  2.532 seconds
Domain Reload Profiling:
	ReloadAssembly (2533ms)
		BeginReloadAssembly (166ms)
			ExecutionOrderSort (0ms)
			DisableScriptedObjects (6ms)
			BackupInstance (0ms)
			ReleaseScriptingObjects (0ms)
			CreateAndSetChildDomain (42ms)
		EndReloadAssembly (2234ms)
			LoadAssemblies (106ms)
			RebuildTransferFunctionScriptingTraits (0ms)
			SetupTypeCache (667ms)
			ReleaseScriptCaches (5ms)
			RebuildScriptCaches (245ms)
			SetupLoadedEditorAssemblies (928ms)
				LogAssemblyErrors (0ms)
				InitializePlatformSupportModulesInManaged (56ms)
				SetLoadedEditorAssemblies (2ms)
				RefreshPlugins (2ms)
				BeforeProcessingInitializeOnLoad (234ms)
				ProcessInitializeOnLoadAttributes (541ms)
				ProcessInitializeOnLoadMethodAttributes (75ms)
				AfterProcessingInitializeOnLoad (17ms)
				EditorAssembliesLoaded (0ms)
			ExecutionOrderSort2 (0ms)
			AwakeInstancesAfterBackupRestoration (24ms)
Platform modules already initialized, skipping
Refreshing native plugins compatible for Editor in 4.31 ms, found 3 plugins.
Preloading 0 native plugins for Editor in 0.00 ms.
Unloading 3356 Unused Serialized files (Serialized files now loaded: 0)
Unloading 19 unused Assets / (79.3 KB). Loaded Objects now: 3849.
Memory consumption went from 122.8 MB to 122.7 MB.
Total: 3.811700 ms (FindLiveObjects: 0.433100 ms CreateObjectMapping: 0.112400 ms MarkObjects: 3.162600 ms  DeleteObjects: 0.101800 ms)

AssetImportParameters requested are different than current active one (requested -> active):
  custom:video-decoder-ogg-theora: a1e56fd34408186e4bbccfd4996cb3dc -> 
  custom:container-muxer-webm: aa71ff27fc2769a1b78a27578f13a17b -> 
  custom:container-demuxer-webm: 4f35f7cbe854078d1ac9338744f61a02 -> 
  custom:video-encoder-webm-vp8: eb34c28f22e8b96e1ab97ce403110664 -> 
  custom:audio-encoder-webm-vorbis: bf7c407c2cedff20999df2af8eb42d56 -> 
  custom:framework-win-MediaFoundation: 216162199b28c13a410421893ffa2e32 -> 
  custom:container-demuxer-ogg: 62fdf1f143b41e24485cea50d1cbac27 -> 
  custom:video-decoder-webm-vp8: 9c59270c3fd7afecdb556c50c9e8de78 -> 
  custom:audio-decoder-ogg-vorbis: bf7c407c2cedff20999df2af8eb42d56 -> 
